[debug] [2023-02-02T06:21:55.557Z] ----------------------------------------------------------------------
[debug] [2023-02-02T06:21:55.559Z] Command:       C:\Program Files\nodejs\node.exe C:\Users\HP\AppData\Roaming\npm\node_modules\firebase-tools\lib\bin\firebase.js init hosting
[debug] [2023-02-02T06:21:55.560Z] CLI Version:   11.22.0
[debug] [2023-02-02T06:21:55.560Z] Platform:      win32
[debug] [2023-02-02T06:21:55.560Z] Node Version:  v16.13.2
[debug] [2023-02-02T06:21:55.561Z] Time:          Thu Feb 02 2023 07:21:55 GMT+0100 (West Africa Standard Time)
[debug] [2023-02-02T06:21:55.562Z] ----------------------------------------------------------------------
[debug] 
[debug] [2023-02-02T06:21:55.859Z] > command requires scopes: ["email","openid","https://www.googleapis.com/auth/cloudplatformprojects.readonly","https://www.googleapis.com/auth/firebase","https://www.googleapis.com/auth/cloud-platform"]
[debug] [2023-02-02T06:21:55.863Z] > authorizing via signed-in user (baains256@gmail.com)
[info] 
     ######## #### ########  ######## ########     ###     ######  ########
     ##        ##  ##     ## ##       ##     ##  ##   ##  ##       ##
     ######    ##  ########  ######   ########  #########  ######  ######
     ##        ##  ##    ##  ##       ##     ## ##     ##       ## ##
     ##       #### ##     ## ######## ########  ##     ##  ######  ########

You're about to initialize a Firebase project in this directory:

  C:\Users\HP\Desktop\send

Before we get started, keep in mind:

  * You are initializing within an existing Firebase project directory

[info] 
=== Project Setup
[info] 
[info] First, let's associate this project directory with a Firebase project.
[info] You can create multiple project aliases by running firebase use --add, 
[info] but for now we'll just set up a default project.
[info] 
[debug] [2023-02-02T06:21:59.393Z] Using project from CLI flag: hire-purchase-362108
[debug] [2023-02-02T06:21:59.399Z] >>> [apiv2][query] GET https://firebase.googleapis.com/v1beta1/projects/hire-purchase-362108 [none]
[debug] [2023-02-02T06:22:00.270Z] <<< [apiv2][status] GET https://firebase.googleapis.com/v1beta1/projects/hire-purchase-362108 200
[debug] [2023-02-02T06:22:00.271Z] <<< [apiv2][body] GET https://firebase.googleapis.com/v1beta1/projects/hire-purchase-362108 {"projectId":"hire-purchase-362108","projectNumber":"20650598117","displayName":"hire-purchase","name":"projects/hire-purchase-362108","resources":{"hostingSite":"hire-purchase-362108"},"state":"ACTIVE","etag":"1_f4a88ad3-7f67-49e2-9309-616e354d2239"}
[info] i  Using project hire-purchase-362108 (hire-purchase) 
[info] 
=== Hosting Setup
[info] 
[info] Your public directory is the folder (relative to your project directory) that
[info] will contain Hosting assets to be uploaded with firebase deploy. If you
[info] have a build process for your assets, use your build's output directory.
[info] 
[info] i  Skipping write of out/404.html 
[debug] [2023-02-02T06:26:01.070Z] >>> [apiv2][query] GET https://www.gstatic.com/firebasejs/releases.json [none]
[debug] [2023-02-02T06:26:01.443Z] <<< [apiv2][status] GET https://www.gstatic.com/firebasejs/releases.json 200
[debug] [2023-02-02T06:26:01.443Z] <<< [apiv2][body] GET https://www.gstatic.com/firebasejs/releases.json {"current":{"version":"9.16.0","browserURL":"https://www.gstatic.com/firebasejs/9.16.0/firebase.js","packageURL":"https://www.gstatic.com/firebasejs/9.16.0/firebase.tgz"},"live":{"version":"9.16","browserURL":"https://www.gstatic.com/firebasejs/live/9.16/firebase.js","packageURL":"https://www.gstatic.com/firebasejs/live/9.16/firebase.tgz"},"components":{"analytics":"https://www.gstatic.com/firebasejs/9.16.0/firebase-analytics.js","app":"https://www.gstatic.com/firebasejs/9.16.0/firebase-app.js","app-check":"https://www.gstatic.com/firebasejs/9.16.0/firebase-app-check.js","auth":"https://www.gstatic.com/firebasejs/9.16.0/firebase-auth.js","auth/cordova":"https://www.gstatic.com/firebasejs/9.16.0/firebase-auth/cordova.js","auth/react-native":"https://www.gstatic.com/firebasejs/9.16.0/firebase-auth/react-native.js","functions":"https://www.gstatic.com/firebasejs/9.16.0/firebase-functions.js","firestore":"https://www.gstatic.com/firebasejs/9.16.0/firebase-firestore.js","firestore/lite":"https://www.gstatic.com/firebasejs/9.16.0/firebase-firestore/lite.js","installations":"https://www.gstatic.com/firebasejs/9.16.0/firebase-installations.js","storage":"https://www.gstatic.com/firebasejs/9.16.0/firebase-storage.js","performance":"https://www.gstatic.com/firebasejs/9.16.0/firebase-performance.js","remote-config":"https://www.gstatic.com/firebasejs/9.16.0/firebase-remote-config.js","messaging":"https://www.gstatic.com/firebasejs/9.16.0/firebase-messaging.js","messaging/sw":"https://www.gstatic.com/firebasejs/9.16.0/firebase-messaging/sw.js","database":"https://www.gstatic.com/firebasejs/9.16.0/firebase-database.js","firestore.memory":"https://www.gstatic.com/firebasejs/9.16.0/firebase-firestore.memory.js"}}
[info] i  Skipping write of out/index.html 
[info] 
[info] i  Didn't detect a .git folder. Assuming C:\Users\HP\Desktop\send is the project root. 
[info] i  Authorizing with GitHub to upload your service account to a GitHub repository's secrets store. 
[info] 
[info] Visit this URL on this device to log in:
[info] https://github.com/login/oauth/authorize?client_id=89cf50f02ac6aaed3484&state=923016419&redirect_uri=http%3A%2F%2Flocalhost%3A9005&scope=read%3Auser%20repo%20public_repo
[info] 
[info] Waiting for authentication...
[debug] [2023-02-02T06:26:07.300Z] >>> [apiv2][query] POST https://github.com/login/oauth/access_token [none]
[debug] [2023-02-02T06:26:07.300Z] >>> [apiv2][body] POST https://github.com/login/oauth/access_token [stream]
[debug] [2023-02-02T06:26:10.907Z] <<< [apiv2][status] POST https://github.com/login/oauth/access_token 200
[debug] [2023-02-02T06:26:10.908Z] <<< [apiv2][body] POST https://github.com/login/oauth/access_token {"access_token":"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","token_type":"bearer","scope":"read:user,repo"}
[debug] [2023-02-02T06:26:10.938Z] >>> [apiv2][query] GET https://api.github.com/user [none]
[debug] [2023-02-02T06:26:11.800Z] <<< [apiv2][status] GET https://api.github.com/user 200
[debug] [2023-02-02T06:26:11.800Z] <<< [apiv2][body] GET https://api.github.com/user {"login":"Savi256","id":97487181,"node_id":"U_kgDOBc-JTQ","avatar_url":"https://avatars.githubusercontent.com/u/97487181?v=4","gravatar_id":"","url":"https://api.github.com/users/Savi256","html_url":"https://github.com/Savi256","followers_url":"https://api.github.com/users/Savi256/followers","following_url":"https://api.github.com/users/Savi256/following{/other_user}","gists_url":"https://api.github.com/users/Savi256/gists{/gist_id}","starred_url":"https://api.github.com/users/Savi256/starred{/owner}{/repo}","subscriptions_url":"https://api.github.com/users/Savi256/subscriptions","organizations_url":"https://api.github.com/users/Savi256/orgs","repos_url":"https://api.github.com/users/Savi256/repos","events_url":"https://api.github.com/users/Savi256/events{/privacy}","received_events_url":"https://api.github.com/users/Savi256/received_events","type":"User","site_admin":false,"name":null,"company":null,"blog":"","location":null,"email":null,"hireable":null,"bio":null,"twitter_username":null,"public_repos":11,"public_gists":0,"followers":0,"following":1,"created_at":"2022-01-11T00:50:10Z","updated_at":"2023-01-31T22:27:31Z","private_gists":0,"total_private_repos":3,"owned_private_repos":3,"disk_usage":11683,"collaborators":0,"two_factor_authentication":false,"plan":{"name":"free","space":976562499,"collaborators":0,"private_repos":10000}}
[info] 
[info] +  Success! Logged into GitHub as Savi256 
[info] 
